TN:
SF:src/category/application/use-case/create-category.use-case.ts
FN:22,<instance_members_initializer>
FN:23,CreateCategoryUseCase
FN:25,execute
FNF:3
FNH:3
FNDA:2,<instance_members_initializer>
FNDA:2,CreateCategoryUseCase
FNDA:6,execute
DA:1,1
DA:2,1
DA:3,1
DA:4,1
DA:5,1
DA:6,1
DA:7,1
DA:8,1
DA:9,1
DA:10,1
DA:11,1
DA:12,1
DA:13,1
DA:14,1
DA:15,1
DA:16,1
DA:17,1
DA:18,1
DA:19,1
DA:20,1
DA:21,1
DA:22,1
DA:23,2
DA:24,2
DA:25,2
DA:26,6
DA:27,6
DA:28,6
DA:29,6
DA:30,6
DA:31,6
DA:32,6
DA:33,6
DA:34,6
DA:35,6
DA:36,6
DA:37,6
DA:38,6
DA:39,2
LF:39
LH:39
BRDA:22,0,0,2
BRDA:23,1,0,2
BRDA:25,2,0,6
BRF:3
BRH:3
end_of_record
TN:
SF:src/category/application/use-case/delete-category.use-case.ts
FN:11,<instance_members_initializer>
FN:14,DeleteCategoryUseCase
FN:16,execute
FNF:3
FNH:3
FNDA:4,<instance_members_initializer>
FNDA:4,DeleteCategoryUseCase
FNDA:5,execute
DA:1,1
DA:2,1
DA:3,1
DA:4,1
DA:5,1
DA:6,1
DA:7,1
DA:8,1
DA:9,1
DA:10,1
DA:11,1
DA:12,4
DA:13,4
DA:14,4
DA:15,4
DA:16,4
DA:17,5
DA:18,5
DA:19,2
DA:20,4
LF:20
LH:20
BRDA:11,0,0,4
BRDA:14,1,0,4
BRDA:16,2,0,5
BRDA:18,3,0,2
BRF:4
BRH:4
end_of_record
TN:
SF:src/category/application/use-case/get-category.use-case.ts
FN:21,<instance_members_initializer>
FN:24,GetCategoryUseCase
FN:26,execute
FNF:3
FNH:3
FNDA:4,<instance_members_initializer>
FNDA:4,GetCategoryUseCase
FNDA:5,execute
DA:1,1
DA:2,1
DA:3,1
DA:4,1
DA:5,1
DA:6,1
DA:7,1
DA:8,1
DA:9,1
DA:10,1
DA:11,1
DA:12,1
DA:13,1
DA:14,1
DA:15,1
DA:16,1
DA:17,1
DA:18,1
DA:19,1
DA:20,1
DA:21,1
DA:22,4
DA:23,4
DA:24,4
DA:25,4
DA:26,4
DA:27,5
DA:28,5
DA:29,4
DA:30,5
DA:31,2
DA:32,2
DA:33,2
DA:34,2
DA:35,2
DA:36,2
DA:37,2
DA:38,2
DA:39,2
DA:40,2
DA:41,2
DA:42,2
DA:43,4
LF:43
LH:43
BRDA:21,0,0,4
BRDA:24,1,0,4
BRDA:26,2,0,5
BRDA:28,3,0,4
BRDA:30,4,0,2
BRF:5
BRH:5
end_of_record
TN:
SF:src/category/application/use-case/list-categories.use-case.ts
FN:12,<instance_members_initializer>
FN:15,ListCategoriesUseCase
FN:17,execute
FN:23,toOutput
FNF:4
FNH:4
FNDA:5,<instance_members_initializer>
FNDA:5,ListCategoriesUseCase
FNDA:8,execute
FNDA:10,toOutput
DA:1,1
DA:2,1
DA:3,1
DA:4,1
DA:5,1
DA:6,1
DA:7,1
DA:8,1
DA:9,1
DA:10,1
DA:11,1
DA:12,1
DA:13,5
DA:14,5
DA:15,5
DA:16,5
DA:17,5
DA:18,8
DA:19,8
DA:20,8
DA:21,8
DA:22,5
DA:23,5
DA:24,10
DA:25,10
DA:26,15
DA:27,15
DA:28,10
DA:29,10
DA:30,5
DA:31,1
DA:32,1
DA:33,1
DA:34,1
DA:35,1
DA:36,1
DA:37,1
DA:38,1
DA:39,1
DA:40,1
LF:40
LH:40
BRDA:12,0,0,5
BRDA:15,1,0,5
BRDA:17,2,0,8
BRDA:23,3,0,10
BRDA:25,4,0,15
BRF:5
BRH:5
end_of_record
TN:
SF:src/category/application/use-case/update-category.use-case.ts
FN:24,<instance_members_initializer>
FN:27,UpdateCategoryUseCase
FN:29,execute
FNF:3
FNH:3
FNDA:4,<instance_members_initializer>
FNDA:4,UpdateCategoryUseCase
FNDA:17,execute
DA:1,1
DA:2,1
DA:3,1
DA:4,1
DA:5,1
DA:6,1
DA:7,1
DA:8,1
DA:9,1
DA:10,1
DA:11,1
DA:12,1
DA:13,1
DA:14,1
DA:15,1
DA:16,1
DA:17,1
DA:18,1
DA:19,1
DA:20,1
DA:21,1
DA:22,1
DA:23,1
DA:24,1
DA:25,4
DA:26,4
DA:27,4
DA:28,4
DA:29,4
DA:30,17
DA:31,17
DA:32,16
DA:33,17
DA:34,2
DA:35,2
DA:36,14
DA:37,14
DA:38,17
DA:39,17
DA:40,4
DA:41,4
DA:42,14
DA:43,17
DA:44,2
DA:45,2
DA:46,14
DA:47,17
DA:48,4
DA:49,4
DA:50,14
DA:51,14
DA:52,14
DA:53,14
DA:54,14
DA:55,14
DA:56,14
DA:57,14
DA:58,14
DA:59,14
DA:60,14
DA:61,14
DA:62,4
LF:62
LH:62
BRDA:24,0,0,4
BRDA:27,1,0,4
BRDA:29,2,0,17
BRDA:31,3,0,16
BRDA:33,4,0,2
BRDA:35,5,0,14
BRDA:39,6,0,4
BRDA:41,7,0,14
BRDA:43,8,0,2
BRDA:45,9,0,14
BRDA:47,10,0,4
BRDA:49,11,0,14
BRF:12
BRH:12
end_of_record
TN:
SF:src/category/application/use-case/common/category-output.ts
FN:12,toOutput
FNF:1
FNH:1
FNDA:53,toOutput
DA:1,1
DA:2,1
DA:3,1
DA:4,1
DA:5,1
DA:6,1
DA:7,1
DA:8,1
DA:9,1
DA:10,1
DA:11,1
DA:12,1
DA:13,53
DA:14,53
DA:15,53
DA:16,53
DA:17,53
DA:18,53
DA:19,1
LF:19
LH:19
BRDA:12,0,0,53
BRF:1
BRH:1
end_of_record
TN:
SF:src/category/domain/category-fake.builder.ts
FN:7,<instance_members_initializer>
FN:11,_name
FN:13,_description
FN:16,_is_active
FN:23,aCategory
FN:27,theCategories
FN:33,CategoryFakeBuilder
FN:38,withUuid
FN:43,withName
FN:48,withDescription
FN:53,activate
FN:58,deactivate
FN:63,withCreatedAt
FN:68,withInvalidNameTooLong
FN:73,build
FN:94,get category_id
FN:98,get name
FN:102,get description
FN:106,get is_active
FN:110,get created_at
FN:114,getValue
FN:125,callFactory
FNF:22
FNH:22
FNDA:48,<instance_members_initializer>
FNDA:30,_name
FNDA:53,_description
FNDA:88,_is_active
FNDA:40,aCategory
FNDA:8,theCategories
FNDA:48,CategoryFakeBuilder
FNDA:6,withUuid
FNDA:31,withName
FNDA:8,withDescription
FNDA:1,activate
FNDA:3,deactivate
FNDA:16,withCreatedAt
FNDA:2,withInvalidNameTooLong
FNDA:52,build
FNDA:2,get category_id
FNDA:1,get name
FNDA:1,get description
FNDA:2,get is_active
FNDA:2,get created_at
FNDA:8,getValue
FNDA:336,callFactory
DA:1,1
DA:2,1
DA:3,1
DA:4,1
DA:5,1
DA:6,1
DA:7,1
DA:8,48
DA:9,48
DA:10,48
DA:11,48
DA:12,48
DA:13,48
DA:14,53
DA:15,48
DA:16,48
DA:17,48
DA:18,48
DA:19,48
DA:20,48
DA:21,48
DA:22,48
DA:23,48
DA:24,40
DA:25,40
DA:26,48
DA:27,48
DA:28,8
DA:29,8
DA:30,48
DA:31,48
DA:32,48
DA:33,48
DA:34,48
DA:35,48
DA:36,48
DA:37,48
DA:38,48
DA:39,6
DA:40,6
DA:41,6
DA:42,48
DA:43,48
DA:44,31
DA:45,31
DA:46,31
DA:47,48
DA:48,48
DA:49,8
DA:50,8
DA:51,8
DA:52,48
DA:53,48
DA:54,1
DA:55,1
DA:56,1
DA:57,48
DA:58,48
DA:59,3
DA:60,3
DA:61,3
DA:62,48
DA:63,48
DA:64,16
DA:65,16
DA:66,16
DA:67,48
DA:68,48
DA:69,2
DA:70,2
DA:71,2
DA:72,48
DA:73,48
DA:74,52
DA:75,52
DA:76,52
DA:77,91
DA:78,91
DA:79,81
DA:80,10
DA:81,91
DA:82,91
DA:83,91
DA:84,91
DA:85,47
DA:86,91
DA:87,91
DA:88,91
DA:89,91
DA:90,91
DA:91,52
DA:92,52
DA:93,48
DA:94,48
DA:95,2
DA:96,2
DA:97,48
DA:98,48
DA:99,1
DA:100,1
DA:101,48
DA:102,48
DA:103,1
DA:104,1
DA:105,48
DA:106,48
DA:107,2
DA:108,2
DA:109,48
DA:110,48
DA:111,2
DA:112,2
DA:113,48
DA:114,48
DA:115,8
DA:116,8
DA:117,8
DA:118,2
DA:119,2
DA:120,2
DA:121,2
DA:122,6
DA:123,6
DA:124,48
DA:125,48
DA:126,336
DA:127,225
DA:128,111
DA:129,336
DA:130,48
LF:130
LH:130
BRDA:7,0,0,48
BRDA:11,1,0,30
BRDA:13,2,0,53
BRDA:16,3,0,88
BRDA:23,4,0,40
BRDA:27,5,0,8
BRDA:33,6,0,48
BRDA:38,7,0,6
BRDA:43,8,0,31
BRDA:48,9,0,8
BRDA:53,10,0,1
BRDA:58,11,0,3
BRDA:63,12,0,16
BRDA:68,13,0,2
BRDA:69,14,0,1
BRDA:73,15,0,52
BRDA:91,16,0,41
BRDA:91,17,0,11
BRDA:76,18,0,91
BRDA:79,19,0,81
BRDA:79,20,0,10
BRDA:84,21,0,47
BRDA:94,22,0,2
BRDA:98,23,0,1
BRDA:102,24,0,1
BRDA:106,25,0,2
BRDA:110,26,0,2
BRDA:114,27,0,8
BRDA:117,28,0,3
BRDA:117,29,0,2
BRDA:121,30,0,6
BRDA:125,31,0,336
BRDA:126,32,0,225
BRDA:127,33,0,111
BRF:34
BRH:34
end_of_record
TN:
SF:src/category/domain/category.entity.ts
FN:22,<instance_members_initializer>
FN:29,Category
FN:38,get entity_id
FN:43,create
FN:49,changeName
FN:54,changeDescription
FN:59,activate
FN:63,deactivate
FN:67,validate
FN:75,fake
FN:79,toJSON
FNF:11
FNH:11
FNDA:200,<instance_members_initializer>
FNDA:200,Category
FNDA:23,get entity_id
FNDA:24,create
FNDA:20,changeName
FNDA:6,changeDescription
FNDA:3,activate
FNDA:5,deactivate
FNDA:110,validate
FNDA:36,fake
FNDA:112,toJSON
DA:1,1
DA:2,1
DA:3,1
DA:4,1
DA:5,1
DA:6,1
DA:7,1
DA:8,1
DA:9,1
DA:10,1
DA:11,1
DA:12,1
DA:13,1
DA:14,1
DA:15,1
DA:16,1
DA:17,1
DA:18,1
DA:19,1
DA:20,1
DA:21,1
DA:22,1
DA:23,200
DA:24,200
DA:25,200
DA:26,200
DA:27,200
DA:28,200
DA:29,200
DA:30,200
DA:31,200
DA:32,200
DA:33,200
DA:34,200
DA:35,200
DA:36,200
DA:37,200
DA:38,200
DA:39,23
DA:40,23
DA:41,200
DA:42,200
DA:43,200
DA:44,24
DA:45,24
DA:46,24
DA:47,24
DA:48,200
DA:49,200
DA:50,20
DA:51,20
DA:52,20
DA:53,200
DA:54,200
DA:55,6
DA:56,6
DA:57,6
DA:58,200
DA:59,200
DA:60,3
DA:61,3
DA:62,200
DA:63,200
DA:64,5
DA:65,5
DA:66,200
DA:67,200
DA:68,110
DA:69,110
DA:70,110
DA:71,12
DA:72,12
DA:73,110
DA:74,200
DA:75,200
DA:76,36
DA:77,36
DA:78,200
DA:79,200
DA:80,112
DA:81,112
DA:82,112
DA:83,112
DA:84,112
DA:85,112
DA:86,112
DA:87,112
DA:88,200
DA:89,200
LF:89
LH:89
BRDA:22,0,0,200
BRDA:29,1,0,200
BRDA:31,2,0,127
BRDA:33,3,0,93
BRDA:34,4,0,38
BRDA:35,5,0,89
BRDA:38,6,0,23
BRDA:43,7,0,24
BRDA:49,8,0,20
BRDA:54,9,0,6
BRDA:59,10,0,3
BRDA:63,11,0,5
BRDA:67,12,0,110
BRDA:70,13,0,12
BRDA:75,14,0,36
BRDA:79,15,0,112
BRF:16
BRH:16
end_of_record
TN:
SF:src/category/domain/category.repository.ts
FNF:0
FNH:0
DA:1,1
DA:2,1
DA:3,1
DA:4,1
DA:5,1
DA:6,1
DA:7,1
DA:8,1
DA:9,1
DA:10,1
DA:11,1
DA:12,1
DA:13,1
DA:14,1
LF:14
LH:14
BRF:0
BRH:0
end_of_record
TN:
SF:src/category/domain/category.validator.ts
FN:5,<instance_members_initializer>
FN:19,CategoryRules
FN:25,validate
FN:31,create
FNF:4
FNH:4
FNDA:110,<instance_members_initializer>
FNDA:110,CategoryRules
FNDA:110,validate
FNDA:110,create
DA:1,1
DA:2,1
DA:3,1
DA:4,1
DA:5,1
DA:6,110
DA:7,110
DA:8,110
DA:9,110
DA:10,110
DA:11,110
DA:12,110
DA:13,110
DA:14,110
DA:15,110
DA:16,110
DA:17,110
DA:18,110
DA:19,110
DA:20,110
DA:21,110
DA:22,110
DA:23,1
DA:24,1
DA:25,1
DA:26,110
DA:27,110
DA:28,1
DA:29,1
DA:30,1
DA:31,1
DA:32,110
DA:33,110
DA:34,1
LF:34
LH:34
BRDA:5,0,0,110
BRDA:19,1,0,110
BRDA:25,2,0,110
BRDA:31,3,0,110
BRF:4
BRH:4
end_of_record
TN:
SF:src/category/infra/db/in-memory/category-in-memory.repository.ts
FN:7,<instance_members_initializer>
FN:13,applyFilter
FN:23,getEntity
FN:28,applySort
FNF:4
FNH:4
FNDA:14,<instance_members_initializer>
FNDA:6,applyFilter
FNDA:1,getEntity
FNDA:7,applySort
DA:1,1
DA:2,1
DA:3,1
DA:4,1
DA:5,1
DA:6,1
DA:7,1
DA:8,14
DA:9,14
DA:10,14
DA:11,14
DA:12,14
DA:13,14
DA:14,6
DA:15,2
DA:16,2
DA:17,4
DA:18,4
DA:19,18
DA:20,18
DA:21,4
DA:22,14
DA:23,14
DA:24,1
DA:25,1
DA:26,14
DA:27,14
DA:28,14
DA:29,7
DA:30,7
DA:31,7
DA:32,7
DA:33,7
DA:34,5
DA:35,2
DA:36,7
DA:37,14
LF:37
LH:37
BRDA:7,0,0,14
BRDA:13,1,0,6
BRDA:14,2,0,5
BRDA:14,3,0,2
BRDA:16,4,0,4
BRDA:18,5,0,18
BRDA:23,6,0,1
BRDA:28,7,0,7
BRDA:33,8,0,5
BRDA:34,9,0,2
BRF:10
BRH:10
end_of_record
TN:
SF:src/category/infra/db/sequelize/category-model-mapper.ts
FN:6,toModel
FN:16,toEntity
FNF:2
FNH:2
FNDA:63,toModel
FNDA:60,toEntity
DA:1,1
DA:2,1
DA:3,1
DA:4,1
DA:5,1
DA:6,1
DA:7,63
DA:8,63
DA:9,63
DA:10,63
DA:11,63
DA:12,63
DA:13,63
DA:14,63
DA:15,1
DA:16,1
DA:17,60
DA:18,60
DA:19,60
DA:20,60
DA:21,60
DA:22,60
DA:23,60
DA:24,60
DA:25,60
DA:26,60
DA:27,1
DA:28,1
LF:28
LH:28
BRDA:6,0,0,63
BRDA:16,1,0,60
BRF:2
BRH:2
end_of_record
TN:
SF:src/category/infra/db/sequelize/category-sequelize.repository.ts
FN:9,<instance_members_initializer>
FN:11,CategorySequelizeRepository
FN:13,insert
FN:18,bulkInsert
FN:25,update
FN:38,delete
FN:49,findById
FN:54,_get
FN:58,findAll
FN:65,search
FN:92,getEntity
FNF:11
FNH:11
FNDA:25,<instance_members_initializer>
FNDA:25,CategorySequelizeRepository
FNDA:12,insert
FNDA:7,bulkInsert
FNDA:9,update
FNDA:4,delete
FNDA:26,findById
FNDA:39,_get
FNDA:1,findAll
FNDA:14,search
FNDA:3,getEntity
DA:1,1
DA:2,1
DA:3,1
DA:4,1
DA:5,1
DA:6,1
DA:7,1
DA:8,1
DA:9,1
DA:10,25
DA:11,25
DA:12,25
DA:13,25
DA:14,12
DA:15,12
DA:16,12
DA:17,25
DA:18,25
DA:19,7
DA:20,42
DA:21,7
DA:22,7
DA:23,7
DA:24,25
DA:25,25
DA:26,9
DA:27,9
DA:28,9
DA:29,1
DA:30,1
DA:31,8
DA:32,8
DA:33,8
DA:34,8
DA:35,8
DA:36,8
DA:37,25
DA:38,25
DA:39,4
DA:40,4
DA:41,4
DA:42,4
DA:43,2
DA:44,2
DA:45,2
DA:46,2
DA:47,2
DA:48,25
DA:49,25
DA:50,26
DA:51,26
DA:52,26
DA:53,25
DA:54,25
DA:55,39
DA:56,39
DA:57,25
DA:58,25
DA:59,1
DA:60,1
DA:61,1
DA:62,1
DA:63,1
DA:64,25
DA:65,25
DA:66,14
DA:67,14
DA:68,14
DA:69,14
DA:70,14
DA:71,7
DA:72,7
DA:73,7
DA:74,14
DA:75,14
DA:76,9
DA:77,14
DA:78,14
DA:79,14
DA:80,14
DA:81,14
DA:82,14
DA:83,14
DA:84,36
DA:85,36
DA:86,14
DA:87,14
DA:88,14
DA:89,14
DA:90,14
DA:91,25
DA:92,25
DA:93,3
DA:94,3
DA:95,25
DA:96,25
LF:96
LH:96
BRDA:9,0,0,25
BRDA:11,1,0,25
BRDA:13,2,0,12
BRDA:18,3,0,7
BRDA:19,4,0,42
BRDA:25,5,0,9
BRDA:28,6,0,8
BRDA:28,7,0,1
BRDA:38,8,0,4
BRDA:42,9,0,2
BRDA:49,10,0,26
BRDA:51,11,0,21
BRDA:51,12,0,5
BRDA:54,13,0,39
BRDA:58,14,0,1
BRDA:60,15,0,1
BRDA:65,16,0,14
BRDA:70,17,0,7
BRDA:75,18,0,9
BRDA:75,19,0,9
BRDA:76,20,0,5
BRDA:83,21,0,36
BRDA:92,22,0,3
BRF:23
BRH:23
end_of_record
TN:
SF:src/category/infra/db/sequelize/category.model.ts
FNF:0
FNH:0
DA:1,1
DA:2,1
DA:3,1
DA:4,1
DA:5,1
DA:6,1
DA:7,1
DA:8,1
DA:9,1
DA:10,1
DA:11,1
DA:12,1
DA:13,1
DA:14,1
DA:15,1
DA:16,1
DA:17,1
DA:18,1
DA:19,1
DA:20,1
DA:21,1
DA:22,1
DA:23,1
DA:24,1
DA:25,1
DA:26,1
DA:27,1
DA:28,1
LF:28
LH:28
BRDA:27,0,0,0
BRF:1
BRH:0
end_of_record
TN:
SF:src/shared/application/pagination-output.ts
FN:12,toOutput
FNF:1
FNH:1
FNDA:10,toOutput
DA:1,1
DA:2,1
DA:3,1
DA:4,1
DA:5,1
DA:6,1
DA:7,1
DA:8,1
DA:9,1
DA:10,1
DA:11,1
DA:12,1
DA:13,10
DA:14,10
DA:15,10
DA:16,10
DA:17,10
DA:18,10
DA:19,10
DA:20,10
DA:21,10
DA:22,10
DA:23,10
DA:24,1
LF:24
LH:24
BRDA:12,0,0,10
BRF:1
BRH:1
end_of_record
TN:
SF:src/shared/domain/entity.ts
FNF:0
FNH:0
DA:1,1
DA:2,1
DA:3,1
DA:4,1
DA:5,1
DA:6,1
LF:6
LH:6
BRF:0
BRH:0
end_of_record
TN:
SF:src/shared/domain/value-object.ts
FN:4,equals
FNF:1
FNH:1
FNDA:26,equals
DA:1,1
DA:2,1
DA:3,1
DA:4,1
DA:5,26
DA:6,4
DA:7,4
DA:8,22
DA:9,26
DA:10,0
DA:11,0
DA:12,22
DA:13,22
DA:14,22
DA:15,1
LF:15
LH:13
BRDA:4,0,0,26
BRDA:5,1,0,24
BRDA:5,2,0,22
BRDA:5,3,0,4
BRDA:9,4,0,0
BRDA:11,5,0,22
BRF:6
BRH:5
end_of_record
TN:
SF:src/shared/domain/errors/not-found.error.ts
FN:4,NotFoundError
FNF:1
FNH:1
FNDA:22,NotFoundError
DA:1,1
DA:2,1
DA:3,1
DA:4,1
DA:5,22
DA:6,22
DA:7,22
DA:8,22
DA:9,1
LF:9
LH:9
BRDA:4,0,0,22
BRDA:5,1,0,0
BRF:2
BRH:1
end_of_record
TN:
SF:src/shared/domain/repository/search-params.ts
FN:13,<instance_members_initializer>
FN:20,SearchParams
FN:29,get page
FN:33,set page
FN:43,get per_page
FN:47,set per_page
FN:61,get sort
FN:65,set sort
FN:70,get sort_dir
FN:74,set sort_dir
FN:83,get filter
FN:87,set filter
FNF:12
FNH:12
FNDA:162,<instance_members_initializer>
FNDA:162,SearchParams
FNDA:78,get page
FNDA:162,set page
FNDA:94,get per_page
FNDA:162,set per_page
FNDA:227,get sort
FNDA:162,set sort
FNDA:67,get sort_dir
FNDA:162,set sort_dir
FNDA:54,get filter
FNDA:162,set filter
DA:1,1
DA:2,1
DA:3,1
DA:4,1
DA:5,1
DA:6,1
DA:7,1
DA:8,1
DA:9,1
DA:10,1
DA:11,1
DA:12,1
DA:13,1
DA:14,162
DA:15,162
DA:16,162
DA:17,162
DA:18,162
DA:19,162
DA:20,162
DA:21,162
DA:22,162
DA:23,162
DA:24,162
DA:25,162
DA:26,162
DA:27,162
DA:28,162
DA:29,162
DA:30,78
DA:31,78
DA:32,162
DA:33,162
DA:34,162
DA:35,162
DA:36,162
DA:37,137
DA:38,137
DA:39,162
DA:40,162
DA:41,162
DA:42,162
DA:43,162
DA:44,94
DA:45,94
DA:46,162
DA:47,162
DA:48,162
DA:49,162
DA:50,162
DA:51,162
DA:52,32
DA:53,27
DA:54,162
DA:55,136
DA:56,136
DA:57,162
DA:58,162
DA:59,162
DA:60,162
DA:61,162
DA:62,227
DA:63,227
DA:64,162
DA:65,162
DA:66,162
DA:67,162
DA:68,162
DA:69,162
DA:70,162
DA:71,67
DA:72,67
DA:73,162
DA:74,162
DA:75,162
DA:76,128
DA:77,128
DA:78,128
DA:79,34
DA:80,162
DA:81,162
DA:82,162
DA:83,162
DA:84,54
DA:85,54
DA:86,162
DA:87,162
DA:88,162
DA:89,162
DA:90,141
DA:91,162
DA:92,162
DA:93,162
LF:93
LH:93
BRDA:13,0,0,162
BRDA:20,1,0,162
BRDA:29,2,0,78
BRDA:33,3,0,162
BRDA:36,4,0,31
BRDA:36,5,0,26
BRDA:36,6,0,137
BRDA:43,7,0,94
BRDA:47,8,0,162
BRDA:48,9,0,1
BRDA:48,10,0,161
BRDA:51,11,0,32
BRDA:52,12,0,27
BRDA:54,13,0,136
BRDA:61,14,0,227
BRDA:65,15,0,162
BRDA:67,16,0,152
BRDA:67,17,0,44
BRDA:67,18,0,128
BRDA:67,19,0,34
BRDA:70,20,0,67
BRDA:74,21,0,162
BRDA:75,22,0,128
BRDA:78,23,0,153
BRDA:78,24,0,34
BRDA:80,25,0,32
BRDA:80,26,0,24
BRDA:80,27,0,10
BRDA:83,28,0,54
BRDA:87,29,0,162
BRDA:89,30,0,161
BRDA:89,31,0,22
BRDA:89,32,0,141
BRDA:90,33,0,21
BRF:34
BRH:34
end_of_record
TN:
SF:src/shared/domain/repository/search-result.ts
FN:11,<instance_members_initializer>
FN:18,SearchResult
FN:27,toJSON
FNF:3
FNH:3
FNDA:50,<instance_members_initializer>
FNDA:50,SearchResult
FNDA:23,toJSON
DA:1,1
DA:2,1
DA:3,1
DA:4,1
DA:5,1
DA:6,1
DA:7,1
DA:8,1
DA:9,1
DA:10,1
DA:11,1
DA:12,50
DA:13,50
DA:14,50
DA:15,50
DA:16,50
DA:17,50
DA:18,50
DA:19,50
DA:20,50
DA:21,50
DA:22,50
DA:23,50
DA:24,50
DA:25,50
DA:26,50
DA:27,50
DA:28,23
DA:29,23
DA:30,23
DA:31,23
DA:32,23
DA:33,23
DA:34,23
DA:35,23
DA:36,50
LF:36
LH:36
BRDA:11,0,0,50
BRDA:18,1,0,50
BRDA:27,2,0,23
BRDA:29,3,0,20
BRDA:29,4,0,3
BRDA:29,5,0,36
BRF:6
BRH:6
end_of_record
TN:
SF:src/shared/domain/validators/class-validator-fields.ts
FN:4,<instance_members_initializer>
FN:10,validate
FNF:2
FNH:2
FNDA:110,<instance_members_initializer>
FNDA:110,validate
DA:1,1
DA:2,1
DA:3,1
DA:4,1
DA:5,110
DA:6,110
DA:7,110
DA:8,110
DA:9,110
DA:10,110
DA:11,110
DA:12,110
DA:13,12
DA:14,12
DA:15,14
DA:16,14
DA:17,14
DA:18,109
DA:19,98
DA:20,98
DA:21,110
DA:22,110
DA:23,110
LF:23
LH:23
BRDA:4,0,0,110
BRDA:10,1,0,110
BRDA:12,2,0,109
BRDA:12,3,0,12
BRDA:14,4,0,14
BRDA:18,5,0,98
BRF:6
BRH:6
end_of_record
TN:
SF:src/shared/domain/validators/validation.error.ts
FN:5,<instance_members_initializer>
FN:6,EntityValidationError
FN:10,count
FNF:3
FNH:2
FNDA:12,<instance_members_initializer>
FNDA:12,EntityValidationError
FNDA:0,count
DA:1,1
DA:2,1
DA:3,1
DA:4,1
DA:5,1
DA:6,12
DA:7,12
DA:8,12
DA:9,12
DA:10,12
DA:11,0
DA:12,0
DA:13,12
LF:13
LH:11
BRDA:5,0,0,12
BRDA:6,1,0,12
BRF:2
BRH:2
end_of_record
TN:
SF:src/shared/domain/value-objects/uuid.vo.ts
FN:4,<instance_members_initializer>
FN:6,Uuid
FN:12,validate
FN:19,toString
FN:25,InvalidUuidError
FNF:5
FNH:5
FNDA:281,<instance_members_initializer>
FNDA:281,Uuid
FNDA:281,validate
FNDA:5,toString
FNDA:8,InvalidUuidError
DA:1,1
DA:2,1
DA:3,1
DA:4,1
DA:5,281
DA:6,281
DA:7,281
DA:8,281
DA:9,281
DA:10,281
DA:11,281
DA:12,281
DA:13,281
DA:14,281
DA:15,4
DA:16,4
DA:17,281
DA:18,281
DA:19,281
DA:20,5
DA:21,5
DA:22,281
DA:23,1
DA:24,1
DA:25,1
DA:26,8
DA:27,8
DA:28,8
DA:29,1
LF:29
LH:29
BRDA:4,0,0,281
BRDA:6,1,0,281
BRDA:8,2,0,179
BRDA:12,3,0,281
BRDA:14,4,0,4
BRDA:19,5,0,5
BRDA:25,6,0,8
BRF:7
BRH:7
end_of_record
TN:
SF:src/shared/infra/config.ts
FN:5,<static_initializer>
FN:7,db
FN:17,readEnv
FNF:3
FNH:3
FNDA:8,<static_initializer>
FNDA:8,db
FNDA:8,readEnv
DA:1,1
DA:2,1
DA:3,1
DA:4,1
DA:5,1
DA:6,1
DA:7,1
DA:8,8
DA:9,8
DA:10,8
DA:11,8
DA:12,8
DA:13,8
DA:14,8
DA:15,8
DA:16,1
DA:17,1
DA:18,8
DA:19,0
DA:20,0
DA:21,8
DA:22,8
DA:23,8
DA:24,8
DA:25,8
DA:26,1
DA:27,1
LF:27
LH:25
BRDA:5,0,0,8
BRDA:7,1,0,8
BRDA:17,2,0,8
BRDA:18,3,0,0
BRF:4
BRH:3
end_of_record
TN:
SF:src/shared/infra/db/in-memory/in-memory.repository.ts
FN:8,<instance_members_initializer>
FN:13,insert
FN:17,bulkInsert
FN:21,update
FN:33,delete
FN:45,findById
FN:50,findAll
FN:58,<instance_members_initializer>
FN:66,search
FN:81,applySort
FN:108,applyPaginate
FNF:11
FNH:11
FNDA:33,<instance_members_initializer>
FNDA:6,insert
FNDA:1,bulkInsert
FNDA:9,update
FNDA:5,delete
FNDA:10,findById
FNDA:1,findAll
FNDA:26,<instance_members_initializer>
FNDA:13,search
FNDA:20,applySort
FNDA:17,applyPaginate
DA:1,1
DA:2,1
DA:3,1
DA:4,1
DA:5,1
DA:6,1
DA:7,1
DA:8,1
DA:9,33
DA:10,33
DA:11,33
DA:12,33
DA:13,33
DA:14,6
DA:15,6
DA:16,33
DA:17,33
DA:18,1
DA:19,1
DA:20,33
DA:21,33
DA:22,9
DA:23,8
DA:24,9
DA:25,9
DA:26,9
DA:27,1
DA:28,1
DA:29,1
DA:30,8
DA:31,8
DA:32,33
DA:33,33
DA:34,5
DA:35,2
DA:36,5
DA:37,5
DA:38,5
DA:39,3
DA:40,3
DA:41,3
DA:42,2
DA:43,2
DA:44,33
DA:45,33
DA:46,10
DA:47,10
DA:48,10
DA:49,33
DA:50,33
DA:51,1
DA:52,1
DA:53,33
DA:54,33
DA:55,33
DA:56,33
DA:57,1
DA:58,1
DA:59,26
DA:60,26
DA:61,26
DA:62,26
DA:63,26
DA:64,26
DA:65,26
DA:66,26
DA:67,13
DA:68,13
DA:69,13
DA:70,13
DA:71,13
DA:72,13
DA:73,13
DA:74,13
DA:75,13
DA:76,13
DA:77,13
DA:78,26
DA:79,26
DA:80,26
DA:81,26
DA:82,20
DA:83,20
DA:84,20
DA:85,20
DA:86,20
DA:87,20
DA:88,5
DA:89,5
DA:90,15
DA:91,15
DA:92,64
DA:93,64
DA:94,64
DA:95,64
DA:96,64
DA:97,24
DA:98,24
DA:99,40
DA:100,40
DA:101,40
DA:102,40
DA:103,0
DA:104,0
DA:105,0
DA:106,15
DA:107,26
DA:108,26
DA:109,17
DA:110,17
DA:111,17
DA:112,17
DA:113,17
DA:114,17
DA:115,17
DA:116,17
DA:117,17
DA:118,26
LF:118
LH:115
BRDA:8,0,0,33
BRDA:13,1,0,6
BRDA:17,2,0,1
BRDA:21,3,0,9
BRDA:26,4,0,8
BRDA:26,5,0,1
BRDA:22,6,0,8
BRDA:33,7,0,5
BRDA:38,8,0,4
BRDA:38,9,0,3
BRDA:41,10,0,2
BRDA:34,11,0,2
BRDA:45,12,0,10
BRDA:47,13,0,2
BRDA:47,14,0,8
BRDA:46,15,0,8
BRDA:50,16,0,1
BRDA:58,17,0,26
BRDA:66,18,0,13
BRDA:81,19,0,20
BRDA:87,20,0,16
BRDA:87,21,0,5
BRDA:89,22,0,15
BRDA:91,23,0,64
BRDA:93,24,0,0
BRDA:95,25,0,0
BRDA:96,26,0,24
BRDA:97,27,0,15
BRDA:97,28,0,9
BRDA:98,29,0,40
BRDA:101,30,0,20
BRDA:101,31,0,20
BRDA:102,32,0,0
BRDA:108,33,0,17
BRF:34
BRH:31
end_of_record
TN:
SF:src/shared/infra/testing/helpers.ts
FN:4,setupSequelize
FN:18,get sequelize
FNF:2
FNH:1
FNDA:8,setupSequelize
FNDA:0,get sequelize
DA:1,1
DA:2,1
DA:3,1
DA:4,1
DA:5,8
DA:6,8
DA:7,8
DA:8,8
DA:9,8
DA:10,8
DA:11,8
DA:12,8
DA:13,8
DA:14,8
DA:15,8
DA:16,8
DA:17,8
DA:18,8
DA:19,0
DA:20,0
DA:21,8
DA:22,8
DA:23,8
LF:23
LH:21
BRDA:4,0,0,8
BRDA:6,1,0,8
BRDA:13,2,0,28
BRDA:15,3,0,8
BRF:4
BRH:4
end_of_record
